Base path: C:/Program Files/Unty18.2.5/Unity/Editor/Data
Cmd: initializeCompiler
Cmd: compileComputeKernel
  api=4 insize=9166 outsize=8909 ok=1
Cmd: compileComputeKernel
  api=4 insize=1470 outsize=573 ok=1
Cmd: compileComputeKernel
  api=4 insize=5435 outsize=6445 ok=1
Cmd: compileComputeKernel
  api=4 insize=2867 outsize=1329 ok=1
Cmd: compileComputeKernel
  api=4 insize=1454 outsize=597 ok=1
Cmd: compileComputeKernel
  api=4 insize=1635 outsize=1013 ok=1
Cmd: compileComputeKernel
  api=4 insize=16784 outsize=4729 ok=1
Cmd: compileComputeKernel
  api=4 insize=16784 outsize=6501 ok=1
Cmd: compileComputeKernel
  api=4 insize=16784 outsize=9757 ok=1
Cmd: compileComputeKernel
  api=4 insize=16784 outsize=10925 ok=1

Quitting shader compiler process
